#
# There is insufficient memory for the Java Runtime Environment to continue.
# Native memory allocation (malloc) failed to allocate 2174576 bytes for Chunk::new
# Possible reasons:
#   The system is out of physical RAM or swap space
#   The process is running with CompressedOops enabled, and the Java Heap may be blocking the growth of the native heap
# Possible solutions:
#   Reduce memory load on the system
#   Increase physical memory or swap space
#   Check if swap backing store is full
#   Decrease Java heap size (-Xmx/-Xms)
#   Decrease number of Java threads
#   Decrease Java thread stack sizes (-Xss)
#   Set larger code cache with -XX:ReservedCodeCacheSize=
#   JVM is running with Unscaled Compressed Oops mode in which the Java heap is
#     placed in the first 4GB address space. The Java Heap base address is the
#     maximum limit for the native heap growth. Please use -XX:HeapBaseMinAddress
#     to set the Java Heap base and to place the Java Heap above 4GB virtual address.
# This output file may be truncated or incomplete.
#
#  Out of Memory Error (allocation.cpp:389), pid=7856, tid=0x0000000000002114
#
# JRE version: OpenJDK Runtime Environment (8.0_202-b03) (build 1.8.0_202-release-1483-b03)
# Java VM: OpenJDK 64-Bit Server VM (25.202-b03 mixed mode windows-amd64 compressed oops)
# Failed to write core dump. Minidumps are not enabled by default on client versions of Windows
#

---------------  T H R E A D  ---------------

Current thread (0x0000000015dba000):  JavaThread "C2 CompilerThread0" daemon [_thread_in_native, id=8468, stack(0x0000000017430000,0x0000000017530000)]

Stack: [0x0000000017430000,0x0000000017530000]
[error occurred during error reporting (printing stack bounds), id 0xc0000005]

Native frames: (J=compiled Java code, j=interpreted, Vv=VM code, C=native code)


Current CompileTask:
C2:  32037 1397       4       java.net.URLClassLoader$1::run (5 bytes)


---------------  P R O C E S S  ---------------

Java Threads: ( => current thread )
  0x000000001814d800 JavaThread "Cache worker for journal cache (C:\Users\Rizzu\.gradle\caches\journal-1)" [_thread_blocked, id=6696, stack(0x000000001a980000,0x000000001aa80000)]
  0x0000000018151800 JavaThread "File lock request listener" [_thread_in_native, id=8228, stack(0x000000001a880000,0x000000001a980000)]
  0x0000000018151000 JavaThread "Cache worker for file hash cache (C:\Users\Rizzu\.gradle\caches\5.4.1\fileHashes)" [_thread_blocked, id=10040, stack(0x000000001a780000,0x000000001a880000)]
  0x00000000178ba800 JavaThread "Thread-9" [_thread_blocked, id=10812, stack(0x000000001a680000,0x000000001a780000)]
  0x000000001818b000 JavaThread "Stdin handler" [_thread_blocked, id=3076, stack(0x000000001a580000,0x000000001a680000)]
  0x000000001818a800 JavaThread "Asynchronous log dispatcher for DefaultDaemonConnection: socket connection from /127.0.0.1:52237 to /127.0.0.1:52238" [_thread_blocked, id=2448, stack(0x000000001a480000,0x000000001a580000)]
  0x0000000018594800 JavaThread "Daemon worker" [_thread_in_native, id=8872, stack(0x000000001a380000,0x000000001a480000)]
  0x0000000018593800 JavaThread "Cancel handler" [_thread_blocked, id=8464, stack(0x000000001a280000,0x000000001a380000)]
  0x0000000018332000 JavaThread "Handler for socket connection from /127.0.0.1:52237 to /127.0.0.1:52238" [_thread_in_native, id=10236, stack(0x0000000019f80000,0x000000001a080000)]
  0x000000001832d800 JavaThread "Daemon" [_thread_blocked, id=9540, stack(0x0000000019e80000,0x0000000019f80000)]
  0x00000000183be800 JavaThread "Daemon periodic checks" [_thread_blocked, id=6424, stack(0x0000000019d80000,0x0000000019e80000)]
  0x00000000183bc800 JavaThread "Incoming local TCP Connector on port 52237" [_thread_in_native, id=9960, stack(0x0000000019b40000,0x0000000019c40000)]
  0x0000000018935000 JavaThread "Daemon health stats" [_thread_blocked, id=7556, stack(0x0000000019500000,0x0000000019600000)]
  0x0000000017749800 JavaThread "Service Thread" daemon [_thread_blocked, id=952, stack(0x0000000017b30000,0x0000000017c30000)]
  0x0000000015dfb000 JavaThread "C1 CompilerThread2" daemon [_thread_blocked, id=10708, stack(0x0000000017630000,0x0000000017730000)]
  0x0000000015dbe000 JavaThread "C2 CompilerThread1" daemon [_thread_blocked, id=10212, stack(0x0000000017530000,0x0000000017630000)]
=>0x0000000015dba000 JavaThread "C2 CompilerThread0" daemon [_thread_in_native, id=8468, stack(0x0000000017430000,0x0000000017530000)]
  0x0000000015dc5800 JavaThread "Attach Listener" daemon [_thread_blocked, id=5772, stack(0x0000000017330000,0x0000000017430000)]
  0x0000000015dc4000 JavaThread "Signal Dispatcher" daemon [_thread_blocked, id=8328, stack(0x0000000017230000,0x0000000017330000)]
  0x000000000244a800 JavaThread "Finalizer" daemon [_thread_blocked, id=296, stack(0x0000000017030000,0x0000000017130000)]
  0x0000000015da9000 JavaThread "Reference Handler" daemon [_thread_blocked, id=3328, stack(0x0000000016f30000,0x0000000017030000)]
  0x000000000218d800 JavaThread "main" [_thread_blocked, id=4112, stack(0x0000000002250000,0x0000000002350000)]

Other Threads:
  0x0000000015d86800 VMThread [stack: 0x0000000016e30000,0x0000000016f30000] [id=9060]
  0x000000001774a000 WatcherThread [stack: 0x0000000017c30000,0x0000000017d30000] [id=3792]

VM state:not at safepoint (normal execution)

VM Mutex/Monitor currently owned by a thread: None

heap address: 0x00000000a0000000, size: 1536 MB, Compressed Oops mode: 32-bit
Narrow klass base: 0x0000000000000000, Narrow klass shift: 3
Compressed class space size: 1073741824 Address: 0x0000000100000000

Heap:
 PSYoungGen      total 21504K, used 11203K [0x00000000e0000000, 0x00000000e1a00000, 0x0000000100000000)
  eden space 16384K, 42% used [0x00000000e0000000,0x00000000e06d91e8,0x00000000e1000000)
  from space 5120K, 81% used [0x00000000e1500000,0x00000000e1917ca8,0x00000000e1a00000)
  to   space 5120K, 0% used [0x00000000e1000000,0x00000000e1000000,0x00000000e1500000)
 ParOldGen       total 44032K, used 4383K [0x00000000a0000000, 0x00000000a2b00000, 0x00000000e0000000)
  object space 44032K, 9% used [0x00000000a0000000,0x00000000a0447cb0,0x00000000a2b00000)
 Metaspace       used 14158K, capacity 14518K, committed 14720K, reserved 1062912K
  class space    used 1970K, capacity 2085K, committed 2176K, reserved 1048576K

Card table byte_map: [0x0000000011810000,0x0000000011b20000] byte_map_base: 0x0000000011310000

Marking Bits: (ParMarkBitMap*) 0x0000000050b99f30
 Begin Bits: [0x0000000012120000, 0x0000000013920000)
 End Bits:   [0x0000000013920000, 0x0000000015120000)

Polling page: 0x0000000000440000

CodeCache: size=245760Kb used=4524Kb max_used=4535Kb free=241236Kb
 bounds [0x0000000002450000, 0x00000000028d0000, 0x0000000011450000]
 total_blobs=1674 nmethods=1293 adapters=294
 compilation: enabled

Compilation events (10 events):
Event: 31.944 Thread 0x0000000015dfb000 1408       3       java.lang.invoke.MethodTypeForm::canonicalizeAll (66 bytes)
Event: 31.946 Thread 0x0000000015dfb000 nmethod 1408 0x00000000028bcb10 code [0x00000000028bccc0, 0x00000000028bd2f8]
Event: 31.946 Thread 0x0000000015dfb000 1409       3       java.lang.invoke.MethodType$ConcurrentWeakInternSet$WeakEntry::<init> (15 bytes)
Event: 31.947 Thread 0x0000000015dfb000 nmethod 1409 0x00000000028bd550 code [0x00000000028bd6e0, 0x00000000028bdac8]
Event: 31.947 Thread 0x0000000015dfb000 1410       3       java.lang.invoke.MemberName::flagsMods (72 bytes)
Event: 31.947 Thread 0x0000000015dfb000 nmethod 1410 0x00000000028b8750 code [0x00000000028b88a0, 0x00000000028b8a10]
Event: 31.947 Thread 0x0000000015dfb000 1411       3       java.lang.invoke.MemberName::init (66 bytes)
Event: 31.947 Thread 0x0000000015dfb000 nmethod 1411 0x00000000028bdc50 code [0x00000000028bdda0, 0x00000000028bdf50]
Event: 31.948 Thread 0x0000000015dbe000 1413       4       java.util.ArrayList$Itr::hasNext (20 bytes)
Event: 31.949 Thread 0x0000000015dbe000 nmethod 1413 0x00000000025cbc90 code [0x00000000025cbdc0, 0x00000000025cbe58]

GC Heap History (10 events):
Event: 14.310 GC heap before
{Heap before GC invocations=2 (full 0):
 PSYoungGen      total 18944K, used 18926K [0x00000000e0000000, 0x00000000e1500000, 0x0000000100000000)
  eden space 16384K, 100% used [0x00000000e0000000,0x00000000e1000000,0x00000000e1000000)
  from space 2560K, 99% used [0x00000000e1000000,0x00000000e127b948,0x00000000e1280000)
  to   space 2560K, 0% used [0x00000000e1280000,0x00000000e1280000,0x00000000e1500000)
 ParOldGen       total 44032K, used 179K [0x00000000a0000000, 0x00000000a2b00000, 0x00000000e0000000)
  object space 44032K, 0% used [0x00000000a0000000,0x00000000a002cd38,0x00000000a2b00000)
 Metaspace       used 6646K, capacity 6848K, committed 7040K, reserved 1056768K
  class space    used 811K, capacity 844K, committed 896K, reserved 1048576K
Event: 14.315 GC heap after
Heap after GC invocations=2 (full 0):
 PSYoungGen      total 18944K, used 2557K [0x00000000e0000000, 0x00000000e1500000, 0x0000000100000000)
  eden space 16384K, 0% used [0x00000000e0000000,0x00000000e0000000,0x00000000e1000000)
  from space 2560K, 99% used [0x00000000e1280000,0x00000000e14ff590,0x00000000e1500000)
  to   space 2560K, 0% used [0x00000000e1000000,0x00000000e1000000,0x00000000e1280000)
 ParOldGen       total 44032K, used 399K [0x00000000a0000000, 0x00000000a2b00000, 0x00000000e0000000)
  object space 44032K, 0% used [0x00000000a0000000,0x00000000a0063ce0,0x00000000a2b00000)
 Metaspace       used 6646K, capacity 6848K, committed 7040K, reserved 1056768K
  class space    used 811K, capacity 844K, committed 896K, reserved 1048576K
}
Event: 15.246 GC heap before
{Heap before GC invocations=3 (full 0):
 PSYoungGen      total 18944K, used 18941K [0x00000000e0000000, 0x00000000e1500000, 0x0000000100000000)
  eden space 16384K, 100% used [0x00000000e0000000,0x00000000e1000000,0x00000000e1000000)
  from space 2560K, 99% used [0x00000000e1280000,0x00000000e14ff590,0x00000000e1500000)
  to   space 2560K, 0% used [0x00000000e1000000,0x00000000e1000000,0x00000000e1280000)
 ParOldGen       total 44032K, used 399K [0x00000000a0000000, 0x00000000a2b00000, 0x00000000e0000000)
  object space 44032K, 0% used [0x00000000a0000000,0x00000000a0063ce0,0x00000000a2b00000)
 Metaspace       used 6847K, capacity 7128K, committed 7424K, reserved 1056768K
  class space    used 841K, capacity 916K, committed 1024K, reserved 1048576K
Event: 15.249 GC heap after
Heap after GC invocations=3 (full 0):
 PSYoungGen      total 18944K, used 2547K [0x00000000e0000000, 0x00000000e1500000, 0x0000000100000000)
  eden space 16384K, 0% used [0x00000000e0000000,0x00000000e0000000,0x00000000e1000000)
  from space 2560K, 99% used [0x00000000e1000000,0x00000000e127ce60,0x00000000e1280000)
  to   space 2560K, 0% used [0x00000000e1280000,0x00000000e1280000,0x00000000e1500000)
 ParOldGen       total 44032K, used 678K [0x00000000a0000000, 0x00000000a2b00000, 0x00000000e0000000)
  object space 44032K, 1% used [0x00000000a0000000,0x00000000a00a9950,0x00000000a2b00000)
 Metaspace       used 6847K, capacity 7128K, committed 7424K, reserved 1056768K
  class space    used 841K, capacity 916K, committed 1024K, reserved 1048576K
}
Event: 18.984 GC heap before
{Heap before GC invocations=4 (full 0):
 PSYoungGen      total 18944K, used 18931K [0x00000000e0000000, 0x00000000e1500000, 0x0000000100000000)
  eden space 16384K, 100% used [0x00000000e0000000,0x00000000e1000000,0x00000000e1000000)
  from space 2560K, 99% used [0x00000000e1000000,0x00000000e127ce60,0x00000000e1280000)
  to   space 2560K, 0% used [0x00000000e1280000,0x00000000e1280000,0x00000000e1500000)
 ParOldGen       total 44032K, used 678K [0x00000000a0000000, 0x00000000a2b00000, 0x00000000e0000000)
  object space 44032K, 1% used [0x00000000a0000000,0x00000000a00a9950,0x00000000a2b00000)
 Metaspace       used 8945K, capacity 9172K, committed 9216K, reserved 1056768K
  class space    used 1165K, capacity 1250K, committed 1280K, reserved 1048576K
Event: 18.992 GC heap after
Heap after GC invocations=4 (full 0):
 PSYoungGen      total 18944K, used 2544K [0x00000000e0000000, 0x00000000e1500000, 0x0000000100000000)
  eden space 16384K, 0% used [0x00000000e0000000,0x00000000e0000000,0x00000000e1000000)
  from space 2560K, 99% used [0x00000000e1280000,0x00000000e14fc030,0x00000000e1500000)
  to   space 2560K, 0% used [0x00000000e1000000,0x00000000e1000000,0x00000000e1280000)
 ParOldGen       total 44032K, used 2072K [0x00000000a0000000, 0x00000000a2b00000, 0x00000000e0000000)
  object space 44032K, 4% used [0x00000000a0000000,0x00000000a0206328,0x00000000a2b00000)
 Metaspace       used 8945K, capacity 9172K, committed 9216K, reserved 1056768K
  class space    used 1165K, capacity 1250K, committed 1280K, reserved 1048576K
}
Event: 26.694 GC heap before
{Heap before GC invocations=5 (full 0):
 PSYoungGen      total 18944K, used 18928K [0x00000000e0000000, 0x00000000e1500000, 0x0000000100000000)
  eden space 16384K, 100% used [0x00000000e0000000,0x00000000e1000000,0x00000000e1000000)
  from space 2560K, 99% used [0x00000000e1280000,0x00000000e14fc030,0x00000000e1500000)
  to   space 2560K, 0% used [0x00000000e1000000,0x00000000e1000000,0x00000000e1280000)
 ParOldGen       total 44032K, used 2072K [0x00000000a0000000, 0x00000000a2b00000, 0x00000000e0000000)
  object space 44032K, 4% used [0x00000000a0000000,0x00000000a0206328,0x00000000a2b00000)
 Metaspace       used 12234K, capacity 12590K, committed 12800K, reserved 1060864K
  class space    used 1652K, capacity 1761K, committed 1792K, reserved 1048576K
Event: 26.707 GC heap after
Heap after GC invocations=5 (full 0):
 PSYoungGen      total 18944K, used 2544K [0x00000000e0000000, 0x00000000e1a00000, 0x0000000100000000)
  eden space 16384K, 0% used [0x00000000e0000000,0x00000000e0000000,0x00000000e1000000)
  from space 2560K, 99% used [0x00000000e1000000,0x00000000e127c010,0x00000000e1280000)
  to   space 5120K, 0% used [0x00000000e1500000,0x00000000e1500000,0x00000000e1a00000)
 ParOldGen       total 44032K, used 4375K [0x00000000a0000000, 0x00000000a2b00000, 0x00000000e0000000)
  object space 44032K, 9% used [0x00000000a0000000,0x00000000a0445cb0,0x00000000a2b00000)
 Metaspace       used 12234K, capacity 12590K, committed 12800K, reserved 1060864K
  class space    used 1652K, capacity 1761K, committed 1792K, reserved 1048576K
}
Event: 29.987 GC heap before
{Heap before GC invocations=6 (full 0):
 PSYoungGen      total 18944K, used 18928K [0x00000000e0000000, 0x00000000e1a00000, 0x0000000100000000)
  eden space 16384K, 100% used [0x00000000e0000000,0x00000000e1000000,0x00000000e1000000)
  from space 2560K, 99% used [0x00000000e1000000,0x00000000e127c010,0x00000000e1280000)
  to   space 5120K, 0% used [0x00000000e1500000,0x00000000e1500000,0x00000000e1a00000)
 ParOldGen       total 44032K, used 4375K [0x00000000a0000000, 0x00000000a2b00000, 0x00000000e0000000)
  object space 44032K, 9% used [0x00000000a0000000,0x00000000a0445cb0,0x00000000a2b00000)
 Metaspace       used 13400K, capacity 13844K, committed 14080K, reserved 1060864K
  class space    used 1852K, capacity 1988K, committed 2048K, reserved 1048576K
Event: 30.004 GC heap after
Heap after GC invocations=6 (full 0):
 PSYoungGen      total 21504K, used 4191K [0x00000000e0000000, 0x00000000e1a00000, 0x0000000100000000)
  eden space 16384K, 0% used [0x00000000e0000000,0x00000000e0000000,0x00000000e1000000)
  from space 5120K, 81% used [0x00000000e1500000,0x00000000e1917ca8,0x00000000e1a00000)
  to   space 5120K, 0% used [0x00000000e1000000,0x00000000e1000000,0x00000000e1500000)
 ParOldGen       total 44032K, used 4383K [0x00000000a0000000, 0x00000000a2b00000, 0x00000000e0000000)
  object space 44032K, 9% used [0x00000000a0000000,0x00000000a0447cb0,0x00000000a2b00000)
 Metaspace       used 13400K, capacity 13844K, committed 14080K, reserved 1060864K
  class space    used 1852K, capacity 1988K, committed 2048K, reserved 1048576K
}

Deoptimization events (10 events):
Event: 20.574 Thread 0x000000000218d800 Uncommon trap: reason=unstable_if action=reinterpret pc=0x000000000278fee0 method=java.io.WinNTFileSystem.normalize(Ljava/lang/String;II)Ljava/lang/String; @ 90
Event: 24.913 Thread 0x0000000018332000 Uncommon trap: reason=unstable_if action=reinterpret pc=0x0000000002812070 method=java.util.concurrent.ConcurrentHashMap.putVal(Ljava/lang/Object;Ljava/lang/Object;Z)Ljava/lang/Object; @ 206
Event: 25.790 Thread 0x0000000018594800 Uncommon trap: reason=bimorphic action=maybe_recompile pc=0x00000000026ebae8 method=java.util.HashMap.putVal(ILjava/lang/Object;Ljava/lang/Object;ZZ)Ljava/lang/Object; @ 253
Event: 25.790 Thread 0x0000000018594800 Uncommon trap: reason=bimorphic action=maybe_recompile pc=0x00000000026ebae8 method=java.util.HashMap.putVal(ILjava/lang/Object;Ljava/lang/Object;ZZ)Ljava/lang/Object; @ 253
Event: 25.790 Thread 0x0000000018594800 Uncommon trap: reason=bimorphic action=maybe_recompile pc=0x00000000026ebae8 method=java.util.HashMap.putVal(ILjava/lang/Object;Ljava/lang/Object;ZZ)Ljava/lang/Object; @ 253
Event: 25.790 Thread 0x0000000018594800 Uncommon trap: reason=bimorphic action=maybe_recompile pc=0x00000000026e6de0 method=java.util.HashMap.putVal(ILjava/lang/Object;Ljava/lang/Object;ZZ)Ljava/lang/Object; @ 253
Event: 29.846 Thread 0x0000000018594800 Uncommon trap: reason=class_check action=maybe_recompile pc=0x0000000002731218 method=java.util.regex.Matcher.match(II)Z @ 86
Event: 30.005 Thread 0x0000000018594800 Uncommon trap: reason=class_check action=maybe_recompile pc=0x0000000002731218 method=java.util.regex.Matcher.match(II)Z @ 86
Event: 30.006 Thread 0x0000000018594800 Uncommon trap: reason=class_check action=maybe_recompile pc=0x0000000002731218 method=java.util.regex.Matcher.match(II)Z @ 86
Event: 30.006 Thread 0x0000000018594800 Uncommon trap: reason=class_check action=maybe_recompile pc=0x00000000026efddc method=java.util.regex.Matcher.match(II)Z @ 86

Classes redefined (0 events):
No events

Internal exceptions (10 events):
Event: 18.956 Thread 0x000000000218d800 Exception <a 'java/lang/NoSuchFieldError': method resolution failed> (0x00000000e0fcaae0) thrown at [D:\src\AOSP-openjdk-cygwin\jdk8u\hotspot\src\share\vm\prims\methodHandles.cpp, line 1167]
Event: 18.959 Thread 0x000000000218d800 Exception <a 'java/lang/NoSuchFieldError': method resolution failed> (0x00000000e0fd87f0) thrown at [D:\src\AOSP-openjdk-cygwin\jdk8u\hotspot\src\share\vm\prims\methodHandles.cpp, line 1167]
Event: 23.573 Thread 0x000000000218d800 Exception <a 'java/io/IOException'> (0x00000000e075bca8) thrown at [D:\src\AOSP-openjdk-cygwin\jdk8u\hotspot\src\share\vm\prims\jni.cpp, line 710]
Event: 24.984 Thread 0x0000000018332000 Exception <a 'java/lang/NoSuchMethodError': <clinit>> (0x00000000e08ffd80) thrown at [D:\src\AOSP-openjdk-cygwin\jdk8u\hotspot\src\share\vm\prims\jni.cpp, line 1614]
Event: 25.019 Thread 0x0000000018332000 Exception <a 'java/lang/NoSuchMethodError': <clinit>> (0x00000000e0909b68) thrown at [D:\src\AOSP-openjdk-cygwin\jdk8u\hotspot\src\share\vm\prims\jni.cpp, line 1614]
Event: 25.023 Thread 0x0000000018332000 Exception <a 'java/lang/NoSuchMethodError': <clinit>> (0x00000000e091dd18) thrown at [D:\src\AOSP-openjdk-cygwin\jdk8u\hotspot\src\share\vm\prims\jni.cpp, line 1614]
Event: 25.085 Thread 0x0000000018332000 Exception <a 'java/lang/NoSuchMethodError': <clinit>> (0x00000000e0979170) thrown at [D:\src\AOSP-openjdk-cygwin\jdk8u\hotspot\src\share\vm\prims\jni.cpp, line 1614]
Event: 25.250 Thread 0x0000000018332000 Exception <a 'java/lang/NoSuchMethodError': <clinit>> (0x00000000e09b0cf0) thrown at [D:\src\AOSP-openjdk-cygwin\jdk8u\hotspot\src\share\vm\prims\jni.cpp, line 1614]
Event: 25.276 Thread 0x0000000018332000 Exception <a 'java/lang/NoSuchMethodError': <clinit>> (0x00000000e09e6e50) thrown at [D:\src\AOSP-openjdk-cygwin\jdk8u\hotspot\src\share\vm\prims\jni.cpp, line 1614]
Event: 25.281 Thread 0x0000000018332000 Exception <a 'java/lang/NoSuchMethodError': <clinit>> (0x00000000e09f28c8) thrown at [D:\src\AOSP-openjdk-cygwin\jdk8u\hotspot\src\share\vm\prims\jni.cpp, line 1614]

Events (10 events):
Event: 31.950 loading class org/gradle/api/internal/artifacts/mvnsettings/LocalMavenRepositoryLocator
Event: 31.950 loading class org/gradle/api/internal/artifacts/mvnsettings/LocalMavenRepositoryLocator done
Event: 31.966 loading class org/gradle/api/internal/artifacts/DependencyManagementServices
Event: 31.966 loading class org/gradle/api/internal/artifacts/DependencyManagementServices done
Event: 31.980 loading class org/gradle/api/internal/artifacts/ComponentSelectorConverter
Event: 31.980 loading class org/gradle/api/internal/artifacts/ComponentSelectorConverter done
Event: 31.981 loading class org/gradle/api/internal/artifacts/ivyservice/resolveengine/result/AttributeContainerSerializer
Event: 31.981 loading class org/gradle/api/internal/artifacts/ivyservice/resolveengine/result/AttributeContainerSerializer done
Event: 31.998 loading class org/gradle/api/internal/artifacts/ivyservice/modulecache/dynamicversions/AbstractModuleVersionsCache
Event: 31.998 loading class org/gradle/api/internal/artifacts/ivyservice/modulecache/dynamicversions/AbstractModuleVersionsCache done


Dynamic libraries:
0x00007ff7f2a80000 - 0x00007ff7f2ab1000 	C:\Program Files\Android\Android Studio\jre\bin\java.exe
0x00007ff952660000 - 0x00007ff952850000 	C:\Windows\SYSTEM32\ntdll.dll
0x00007ff9516c0000 - 0x00007ff951772000 	C:\Windows\System32\KERNEL32.DLL
0x00007ff94f810000 - 0x00007ff94fab3000 	C:\Windows\System32\KERNELBASE.dll
0x00007ff951aa0000 - 0x00007ff951b43000 	C:\Windows\System32\ADVAPI32.dll
0x00007ff950f20000 - 0x00007ff950fbe000 	C:\Windows\System32\msvcrt.dll
0x00007ff952010000 - 0x00007ff9520a7000 	C:\Windows\System32\sechost.dll
0x00007ff951bb0000 - 0x00007ff951cd0000 	C:\Windows\System32\RPCRT4.dll
0x00007ff9523d0000 - 0x00007ff952564000 	C:\Windows\System32\USER32.dll
0x00007ff94fb70000 - 0x00007ff94fb91000 	C:\Windows\System32\win32u.dll
0x00007ff951780000 - 0x00007ff9517a6000 	C:\Windows\System32\GDI32.dll
0x00007ff94f5f0000 - 0x00007ff94f784000 	C:\Windows\System32\gdi32full.dll
0x00007ff94fd10000 - 0x00007ff94fdae000 	C:\Windows\System32\msvcp_win.dll
0x00007ff94fe60000 - 0x00007ff94ff5a000 	C:\Windows\System32\ucrtbase.dll
0x00007ff9426f0000 - 0x00007ff942975000 	C:\Windows\WinSxS\amd64_microsoft.windows.common-controls_6595b64144ccf1df_6.0.18362.657_none_e6c5b579130e3898\COMCTL32.dll
0x00007ff951cd0000 - 0x00007ff952006000 	C:\Windows\System32\combase.dll
0x00007ff94f790000 - 0x00007ff94f810000 	C:\Windows\System32\bcryptPrimitives.dll
0x00007ff950710000 - 0x00007ff95073e000 	C:\Windows\System32\IMM32.DLL
0x0000000050210000 - 0x00000000502e2000 	C:\Program Files\Android\Android Studio\jre\jre\bin\msvcr100.dll
0x00000000503d0000 - 0x0000000050c16000 	C:\Program Files\Android\Android Studio\jre\jre\bin\server\jvm.dll
0x00007ff950940000 - 0x00007ff950948000 	C:\Windows\System32\PSAPI.DLL
0x00007ff94cc30000 - 0x00007ff94cc54000 	C:\Windows\SYSTEM32\WINMM.dll
0x00007ff94e040000 - 0x00007ff94e049000 	C:\Windows\SYSTEM32\WSOCK32.dll
0x00007ff9450d0000 - 0x00007ff9450da000 	C:\Windows\SYSTEM32\VERSION.dll
0x00007ff94cb70000 - 0x00007ff94cb9d000 	C:\Windows\SYSTEM32\winmmbase.dll
0x00007ff94fb20000 - 0x00007ff94fb6a000 	C:\Windows\System32\cfgmgr32.dll
0x00007ff9517b0000 - 0x00007ff95181f000 	C:\Windows\System32\WS2_32.dll
0x00007ff946670000 - 0x00007ff94667f000 	C:\Program Files\Android\Android Studio\jre\jre\bin\verify.dll
0x00007ff9342a0000 - 0x00007ff9342c9000 	C:\Program Files\Android\Android Studio\jre\jre\bin\java.dll
0x00007ff934280000 - 0x00007ff934296000 	C:\Program Files\Android\Android Studio\jre\jre\bin\zip.dll
0x00007ff950fd0000 - 0x00007ff9516b5000 	C:\Windows\System32\SHELL32.dll
0x00007ff950810000 - 0x00007ff9508b9000 	C:\Windows\System32\shcore.dll
0x00007ff94ff60000 - 0x00007ff9506df000 	C:\Windows\System32\windows.storage.dll
0x00007ff94f5d0000 - 0x00007ff94f5ef000 	C:\Windows\System32\profapi.dll
0x00007ff94f560000 - 0x00007ff94f5aa000 	C:\Windows\System32\powrprof.dll
0x00007ff94f530000 - 0x00007ff94f540000 	C:\Windows\System32\UMPDC.dll
0x00007ff952350000 - 0x00007ff9523a2000 	C:\Windows\System32\shlwapi.dll
0x00007ff94f540000 - 0x00007ff94f551000 	C:\Windows\System32\kernel.appcore.dll
0x00007ff94fcf0000 - 0x00007ff94fd07000 	C:\Windows\System32\cryptsp.dll
0x00007ff945820000 - 0x00007ff94583a000 	C:\Program Files\Android\Android Studio\jre\jre\bin\net.dll
0x00007ff94ed40000 - 0x00007ff94eda7000 	C:\Windows\system32\mswsock.dll
0x00007ff944d50000 - 0x00007ff944d61000 	C:\Program Files\Android\Android Studio\jre\jre\bin\nio.dll
0x00007ff93f720000 - 0x00007ff93f746000 	C:\Users\Rizzu\.gradle\native\29\windows-amd64\native-platform.dll
0x00007ff948190000 - 0x00007ff94819d000 	C:\Program Files\Android\Android Studio\jre\jre\bin\management.dll
0x00007ff94e8b0000 - 0x00007ff94e8e3000 	C:\Windows\system32\rsaenh.dll
0x00007ff9506e0000 - 0x00007ff950706000 	C:\Windows\System32\bcrypt.dll
0x00007ff94f450000 - 0x00007ff94f475000 	C:\Windows\SYSTEM32\USERENV.dll
0x00007ff94ef10000 - 0x00007ff94ef1c000 	C:\Windows\SYSTEM32\CRYPTBASE.dll
0x00007ff94ea50000 - 0x00007ff94ea8a000 	C:\Windows\SYSTEM32\IPHLPAPI.DLL
0x00007ff950eb0000 - 0x00007ff950eb8000 	C:\Windows\System32\NSI.dll
0x00007ff945610000 - 0x00007ff945626000 	C:\Windows\SYSTEM32\dhcpcsvc6.DLL
0x00007ff945740000 - 0x00007ff94575c000 	C:\Windows\SYSTEM32\dhcpcsvc.DLL
0x00007ff94ea90000 - 0x00007ff94eb5a000 	C:\Windows\SYSTEM32\DNSAPI.dll

VM Arguments:
jvm_args: -Xmx1536m -Dfile.encoding=windows-1252 -Duser.country=US -Duser.language=en -Duser.variant 
java_command: org.gradle.launcher.daemon.bootstrap.GradleDaemon 5.4.1
java_class_path (initial): C:\Users\Rizzu\.gradle\wrapper\dists\gradle-5.4.1-all\3221gyojl5jsh0helicew7rwx\gradle-5.4.1\lib\gradle-launcher-5.4.1.jar
Launcher Type: SUN_STANDARD

Environment Variables:
PATH=C:\Windows\system32;C:\Windows;C:\Windows\System32\Wbem;C:\Windows\System32\WindowsPowerShell\v1.0\;C:\Windows\System32\OpenSSH\;C:\Program Files\Java\jdk-13.0.2\bin;C:\Users\Rizzu\AppData\Local\Microsoft\WindowsApps;
USERNAME=Rizzu
OS=Windows_NT
PROCESSOR_IDENTIFIER=Intel64 Family 6 Model 61 Stepping 4, GenuineIntel



---------------  S Y S T E M  ---------------

OS: Windows 10.0 , 64 bit Build 18362 (10.0.18362.329)

CPU:total 4 (initial active 4) (2 cores per cpu, 2 threads per core) family 6 model 61 stepping 4, cmov, cx8, fxsr, mmx, sse, sse2, sse3, ssse3, sse4.1, sse4.2, popcnt, avx, avx2, aes, clmul, erms, 3dnowpref, lzcnt, ht, tsc, tscinvbit, bmi1, bmi2, adx

Memory: 4k page, physical 4107668k(253384k free), swap 16690580k(5300k free)

vm_info: OpenJDK 64-Bit Server VM (25.202-b03) for windows-amd64 JRE (1.8.0_202-release-1483-b03), built by "builder" with MS VC++ 10.0 (VS2010)

time: Sun Feb 23 17:25:22 2020
timezone: India Standard Time
elapsed time: 32 seconds (0d 0h 0m 32s)

